<?xml version="1.0" encoding="UTF-8" ?>
<testsuite failures="0" time="0.007" errors="0" skipped="0" tests="1" name="com.stevebot.watthehash.AppTest">
  <properties>
    <property name="java.runtime.name" value="OpenJDK Runtime Environment"/>
    <property name="sun.boot.library.path" value="/usr/lib/jvm/java-6-openjdk/jre/lib/amd64"/>
    <property name="java.vm.version" value="20.0-b11"/>
    <property name="java.vm.vendor" value="Sun Microsystems Inc."/>
    <property name="java.vendor.url" value="http://java.sun.com/"/>
    <property name="path.separator" value=":"/>
    <property name="java.vm.name" value="OpenJDK 64-Bit Server VM"/>
    <property name="file.encoding.pkg" value="sun.io"/>
    <property name="user.country" value="US"/>
    <property name="sun.java.launcher" value="SUN_STANDARD"/>
    <property name="sun.os.patch.level" value="unknown"/>
    <property name="java.vm.specification.name" value="Java Virtual Machine Specification"/>
    <property name="user.dir" value="/home/stephend/GitHub/watthehash/watthehash"/>
    <property name="java.runtime.version" value="1.6.0_22-b22"/>
    <property name="java.awt.graphicsenv" value="sun.awt.X11GraphicsEnvironment"/>
    <property name="basedir" value="/home/stephend/GitHub/watthehash/watthehash"/>
    <property name="java.endorsed.dirs" value="/usr/lib/jvm/java-6-openjdk/jre/lib/endorsed"/>
    <property name="os.arch" value="amd64"/>
    <property name="surefire.real.class.path" value="/home/stephend/GitHub/watthehash/watthehash/target/surefire/surefirebooter1256117078859898682.jar"/>
    <property name="java.io.tmpdir" value="/tmp"/>
    <property name="line.separator" value="
"/>
    <property name="java.vm.specification.vendor" value="Sun Microsystems Inc."/>
    <property name="os.name" value="Linux"/>
    <property name="sun.jnu.encoding" value="UTF-8"/>
    <property name="java.library.path" value="/usr/lib/jvm/java-6-openjdk/jre/lib/amd64/server:/usr/lib/jvm/java-6-openjdk/jre/lib/amd64:/usr/lib/jvm/java-6-openjdk/jre/../lib/amd64:/usr/java/packages/lib/amd64:/usr/lib/x86_64-linux-gnu/jni:/lib/x86_64-linux-gnu:/usr/lib/x86_64-linux-gnu:/usr/lib/jni:/lib:/usr/lib"/>
    <property name="surefire.test.class.path" value="/home/stephend/GitHub/watthehash/watthehash/target/test-classes:/home/stephend/GitHub/watthehash/watthehash/target/classes:/home/stephend/.m2/repository/junit/junit/3.8.1/junit-3.8.1.jar:/home/stephend/.m2/repository/com/google/appengine/appengine-api-stubs/1.6.1/appengine-api-stubs-1.6.1.jar:/home/stephend/.m2/repository/com/google/appengine/appengine-testing/1.6.1/appengine-testing-1.6.1.jar:/home/stephend/.m2/repository/org/springframework/spring-test/3.1.0.RELEASE/spring-test-3.1.0.RELEASE.jar:/home/stephend/.m2/repository/org/datanucleus/datanucleus-jpa/1.1.5/datanucleus-jpa-1.1.5.jar:/home/stephend/.m2/repository/org/datanucleus/datanucleus-core/1.1.5/datanucleus-core-1.1.5.jar:/home/stephend/.m2/repository/org/hibernate/hibernate-validator/4.2.0.Final/hibernate-validator-4.2.0.Final.jar:/home/stephend/.m2/repository/cglib/cglib/2.2.2/cglib-2.2.2.jar:/home/stephend/.m2/repository/asm/asm/3.3.1/asm-3.3.1.jar:/home/stephend/.m2/repository/org/slf4j/slf4j-jdk14/1.6.4/slf4j-jdk14-1.6.4.jar:/home/stephend/.m2/repository/javax/servlet/servlet-api/2.5/servlet-api-2.5.jar:/home/stephend/.m2/repository/javax/servlet/jstl/1.2/jstl-1.2.jar:/home/stephend/.m2/repository/javax/servlet/jsp/jsp-api/2.1/jsp-api-2.1.jar:/home/stephend/.m2/repository/javax/mail/mail/1.4.4/mail-1.4.4.jar:/home/stephend/.m2/repository/javax/activation/activation/1.1/activation-1.1.jar:/home/stephend/.m2/repository/com/google/appengine/orm/datanucleus-appengine/1.0.10/datanucleus-appengine-1.0.10.jar:/home/stephend/.m2/repository/org/apache/geronimo/specs/geronimo-jpa_3.0_spec/1.1.1/geronimo-jpa_3.0_spec-1.1.1.jar:/home/stephend/.m2/repository/org/apache/geronimo/specs/geronimo-jta_1.1_spec/1.1.1/geronimo-jta_1.1_spec-1.1.1.jar:/home/stephend/.m2/repository/javax/jdo/jdo2-api/2.3-eb/jdo2-api-2.3-eb.jar:/home/stephend/.m2/repository/com/google/appengine/appengine-api-labs/1.6.1/appengine-api-labs-1.6.1.jar:/home/stephend/.m2/repository/com/google/appengine/appengine-api-1.0-sdk/1.6.1/appengine-api-1.0-sdk-1.6.1.jar:/home/stephend/.m2/repository/org/springframework/spring-webmvc/3.1.0.RELEASE/spring-webmvc-3.1.0.RELEASE.jar:/home/stephend/.m2/repository/org/springframework/spring-asm/3.1.0.RELEASE/spring-asm-3.1.0.RELEASE.jar:/home/stephend/.m2/repository/org/springframework/spring-beans/3.1.0.RELEASE/spring-beans-3.1.0.RELEASE.jar:/home/stephend/.m2/repository/org/springframework/spring-context/3.1.0.RELEASE/spring-context-3.1.0.RELEASE.jar:/home/stephend/.m2/repository/org/springframework/spring-aop/3.1.0.RELEASE/spring-aop-3.1.0.RELEASE.jar:/home/stephend/.m2/repository/org/springframework/spring-context-support/3.1.0.RELEASE/spring-context-support-3.1.0.RELEASE.jar:/home/stephend/.m2/repository/org/springframework/spring-core/3.1.0.RELEASE/spring-core-3.1.0.RELEASE.jar:/home/stephend/.m2/repository/commons-logging/commons-logging/1.1.1/commons-logging-1.1.1.jar:/home/stephend/.m2/repository/org/springframework/spring-expression/3.1.0.RELEASE/spring-expression-3.1.0.RELEASE.jar:/home/stephend/.m2/repository/org/springframework/spring-web/3.1.0.RELEASE/spring-web-3.1.0.RELEASE.jar:/home/stephend/.m2/repository/aopalliance/aopalliance/1.0/aopalliance-1.0.jar:/home/stephend/.m2/repository/org/springframework/spring-orm/3.1.0.RELEASE/spring-orm-3.1.0.RELEASE.jar:/home/stephend/.m2/repository/org/springframework/spring-jdbc/3.1.0.RELEASE/spring-jdbc-3.1.0.RELEASE.jar:/home/stephend/.m2/repository/org/springframework/spring-tx/3.1.0.RELEASE/spring-tx-3.1.0.RELEASE.jar:/home/stephend/.m2/repository/javax/validation/validation-api/1.0.0.GA/validation-api-1.0.0.GA.jar:/home/stephend/.m2/repository/org/codehaus/jackson/jackson-mapper-asl/1.9.3/jackson-mapper-asl-1.9.3.jar:/home/stephend/.m2/repository/org/codehaus/jackson/jackson-core-asl/1.9.3/jackson-core-asl-1.9.3.jar:/home/stephend/.m2/repository/org/slf4j/slf4j-api/1.6.4/slf4j-api-1.6.4.jar:/home/stephend/.m2/repository/commons-codec/commons-codec/1.6/commons-codec-1.6.jar:/home/stephend/.m2/repository/commons-lang/commons-lang/2.6/commons-lang-2.6.jar:/home/stephend/.m2/repository/org/aspectj/aspectjweaver/1.5.4/aspectjweaver-1.5.4.jar:"/>
    <property name="java.specification.name" value="Java Platform API Specification"/>
    <property name="java.class.version" value="50.0"/>
    <property name="sun.management.compiler" value="HotSpot 64-Bit Tiered Compilers"/>
    <property name="os.version" value="2.6.38-8-generic"/>
    <property name="user.home" value="/home/stephend"/>
    <property name="user.timezone" value=""/>
    <property name="java.awt.printerjob" value="sun.print.PSPrinterJob"/>
    <property name="file.encoding" value="UTF-8"/>
    <property name="java.specification.version" value="1.6"/>
    <property name="user.name" value="stephend"/>
    <property name="java.class.path" value="/home/stephend/GitHub/watthehash/watthehash/target/test-classes:/home/stephend/GitHub/watthehash/watthehash/target/classes:/home/stephend/.m2/repository/junit/junit/3.8.1/junit-3.8.1.jar:/home/stephend/.m2/repository/com/google/appengine/appengine-api-stubs/1.6.1/appengine-api-stubs-1.6.1.jar:/home/stephend/.m2/repository/com/google/appengine/appengine-testing/1.6.1/appengine-testing-1.6.1.jar:/home/stephend/.m2/repository/org/springframework/spring-test/3.1.0.RELEASE/spring-test-3.1.0.RELEASE.jar:/home/stephend/.m2/repository/org/datanucleus/datanucleus-jpa/1.1.5/datanucleus-jpa-1.1.5.jar:/home/stephend/.m2/repository/org/datanucleus/datanucleus-core/1.1.5/datanucleus-core-1.1.5.jar:/home/stephend/.m2/repository/org/hibernate/hibernate-validator/4.2.0.Final/hibernate-validator-4.2.0.Final.jar:/home/stephend/.m2/repository/cglib/cglib/2.2.2/cglib-2.2.2.jar:/home/stephend/.m2/repository/asm/asm/3.3.1/asm-3.3.1.jar:/home/stephend/.m2/repository/org/slf4j/slf4j-jdk14/1.6.4/slf4j-jdk14-1.6.4.jar:/home/stephend/.m2/repository/javax/servlet/servlet-api/2.5/servlet-api-2.5.jar:/home/stephend/.m2/repository/javax/servlet/jstl/1.2/jstl-1.2.jar:/home/stephend/.m2/repository/javax/servlet/jsp/jsp-api/2.1/jsp-api-2.1.jar:/home/stephend/.m2/repository/javax/mail/mail/1.4.4/mail-1.4.4.jar:/home/stephend/.m2/repository/javax/activation/activation/1.1/activation-1.1.jar:/home/stephend/.m2/repository/com/google/appengine/orm/datanucleus-appengine/1.0.10/datanucleus-appengine-1.0.10.jar:/home/stephend/.m2/repository/org/apache/geronimo/specs/geronimo-jpa_3.0_spec/1.1.1/geronimo-jpa_3.0_spec-1.1.1.jar:/home/stephend/.m2/repository/org/apache/geronimo/specs/geronimo-jta_1.1_spec/1.1.1/geronimo-jta_1.1_spec-1.1.1.jar:/home/stephend/.m2/repository/javax/jdo/jdo2-api/2.3-eb/jdo2-api-2.3-eb.jar:/home/stephend/.m2/repository/com/google/appengine/appengine-api-labs/1.6.1/appengine-api-labs-1.6.1.jar:/home/stephend/.m2/repository/com/google/appengine/appengine-api-1.0-sdk/1.6.1/appengine-api-1.0-sdk-1.6.1.jar:/home/stephend/.m2/repository/org/springframework/spring-webmvc/3.1.0.RELEASE/spring-webmvc-3.1.0.RELEASE.jar:/home/stephend/.m2/repository/org/springframework/spring-asm/3.1.0.RELEASE/spring-asm-3.1.0.RELEASE.jar:/home/stephend/.m2/repository/org/springframework/spring-beans/3.1.0.RELEASE/spring-beans-3.1.0.RELEASE.jar:/home/stephend/.m2/repository/org/springframework/spring-context/3.1.0.RELEASE/spring-context-3.1.0.RELEASE.jar:/home/stephend/.m2/repository/org/springframework/spring-aop/3.1.0.RELEASE/spring-aop-3.1.0.RELEASE.jar:/home/stephend/.m2/repository/org/springframework/spring-context-support/3.1.0.RELEASE/spring-context-support-3.1.0.RELEASE.jar:/home/stephend/.m2/repository/org/springframework/spring-core/3.1.0.RELEASE/spring-core-3.1.0.RELEASE.jar:/home/stephend/.m2/repository/commons-logging/commons-logging/1.1.1/commons-logging-1.1.1.jar:/home/stephend/.m2/repository/org/springframework/spring-expression/3.1.0.RELEASE/spring-expression-3.1.0.RELEASE.jar:/home/stephend/.m2/repository/org/springframework/spring-web/3.1.0.RELEASE/spring-web-3.1.0.RELEASE.jar:/home/stephend/.m2/repository/aopalliance/aopalliance/1.0/aopalliance-1.0.jar:/home/stephend/.m2/repository/org/springframework/spring-orm/3.1.0.RELEASE/spring-orm-3.1.0.RELEASE.jar:/home/stephend/.m2/repository/org/springframework/spring-jdbc/3.1.0.RELEASE/spring-jdbc-3.1.0.RELEASE.jar:/home/stephend/.m2/repository/org/springframework/spring-tx/3.1.0.RELEASE/spring-tx-3.1.0.RELEASE.jar:/home/stephend/.m2/repository/javax/validation/validation-api/1.0.0.GA/validation-api-1.0.0.GA.jar:/home/stephend/.m2/repository/org/codehaus/jackson/jackson-mapper-asl/1.9.3/jackson-mapper-asl-1.9.3.jar:/home/stephend/.m2/repository/org/codehaus/jackson/jackson-core-asl/1.9.3/jackson-core-asl-1.9.3.jar:/home/stephend/.m2/repository/org/slf4j/slf4j-api/1.6.4/slf4j-api-1.6.4.jar:/home/stephend/.m2/repository/commons-codec/commons-codec/1.6/commons-codec-1.6.jar:/home/stephend/.m2/repository/commons-lang/commons-lang/2.6/commons-lang-2.6.jar:/home/stephend/.m2/repository/org/aspectj/aspectjweaver/1.5.4/aspectjweaver-1.5.4.jar:"/>
    <property name="java.vm.specification.version" value="1.0"/>
    <property name="sun.arch.data.model" value="64"/>
    <property name="java.home" value="/usr/lib/jvm/java-6-openjdk/jre"/>
    <property name="sun.java.command" value="/home/stephend/GitHub/watthehash/watthehash/target/surefire/surefirebooter1256117078859898682.jar /home/stephend/GitHub/watthehash/watthehash/target/surefire/surefire234941268339348274tmp /home/stephend/GitHub/watthehash/watthehash/target/surefire/surefire592481655363397275tmp"/>
    <property name="java.specification.vendor" value="Sun Microsystems Inc."/>
    <property name="user.language" value="en"/>
    <property name="java.vm.info" value="mixed mode"/>
    <property name="java.version" value="1.6.0_22"/>
    <property name="java.ext.dirs" value="/usr/lib/jvm/java-6-openjdk/jre/lib/ext:/usr/java/packages/lib/ext"/>
    <property name="sun.boot.class.path" value="/usr/lib/jvm/java-6-openjdk/jre/lib/resources.jar:/usr/lib/jvm/java-6-openjdk/jre/lib/rt.jar:/usr/lib/jvm/java-6-openjdk/jre/lib/sunrsasign.jar:/usr/lib/jvm/java-6-openjdk/jre/lib/jsse.jar:/usr/lib/jvm/java-6-openjdk/jre/lib/jce.jar:/usr/lib/jvm/java-6-openjdk/jre/lib/charsets.jar:/usr/lib/jvm/java-6-openjdk/jre/lib/netx.jar:/usr/lib/jvm/java-6-openjdk/jre/lib/plugin.jar:/usr/lib/jvm/java-6-openjdk/jre/lib/rhino.jar:/usr/lib/jvm/java-6-openjdk/jre/lib/modules/jdk.boot.jar:/usr/lib/jvm/java-6-openjdk/jre/classes"/>
    <property name="java.vendor" value="Sun Microsystems Inc."/>
    <property name="localRepository" value="/home/stephend/.m2/repository"/>
    <property name="file.separator" value="/"/>
    <property name="java.vendor.url.bug" value="http://java.sun.com/cgi-bin/bugreport.cgi"/>
    <property name="sun.cpu.endian" value="little"/>
    <property name="sun.io.unicode.encoding" value="UnicodeLittle"/>
    <property name="sun.desktop" value="gnome"/>
    <property name="sun.cpu.isalist" value=""/>
  </properties>
  <testcase time="0.001" classname="com.stevebot.watthehash.AppTest" name="testApp"/>
</testsuite>